<?xml version="1.0" encoding="UTF-8"?>
<!-- Generated by org.testng.reporters.JUnitXMLReporter -->
<testsuite hostname="kascend-PC" name="Command line test" tests="3" failures="1" timestamp="8 Sep 2016 02:27:24 GMT" time="2.824" errors="0">
  <testcase name="testApp on testApp(com.emma.app.my_rest_test.AppTest)" time="0.311" classname="com.emma.app.my_rest_test.AppTest"/>
  <testcase name="testGameVideoList on testGameVideoList(com.emma.app.my_rest_test.AppTest)" time="2.341" classname="com.emma.app.my_rest_test.AppTest"/>
  <testcase name="testOnlineVideoList on testOnlineVideoList(com.emma.app.my_rest_test.AppTest)" time="0.116" classname="com.emma.app.my_rest_test.AppTest">
    <failure type="com.jayway.restassured.module.jsv.JsonSchemaValidationException" message="com.github.fge.jsonschema.core.exceptions.ProcessingException: fatal: content at URI &amp;quot;file:/D:/workspace/my-rest-test/target/test-classes/onlinevideo.json#&amp;quot; is not valid JSON
    level: &amp;quot;fatal&amp;quot;
    uri: &amp;quot;file:/D:/workspace/my-rest-test/target/test-classes/onlinevideo.json#&amp;quot;
    parsingMessage: &amp;quot;Unexpected character (&amp;apos;\&amp;quot;&amp;apos; (code 34)): was expecting comma to separate OBJECT entries&amp;quot;
">
      <![CDATA[com.jayway.restassured.module.jsv.JsonSchemaValidationException: com.github.fge.jsonschema.core.exceptions.ProcessingException: fatal: content at URI "file:/D:/workspace/my-rest-test/target/test-classes/onlinevideo.json#" is not valid JSON
    level: "fatal"
    uri: "file:/D:/workspace/my-rest-test/target/test-classes/onlinevideo.json#"
    parsingMessage: "Unexpected character ('\"' (code 34)): was expecting comma to separate OBJECT entries"

	at com.jayway.restassured.module.jsv.JsonSchemaValidator.matchesSafely(JsonSchemaValidator.java:233)
	at com.jayway.restassured.module.jsv.JsonSchemaValidator.matchesSafely(JsonSchemaValidator.java:75)
	at org.hamcrest.TypeSafeMatcher.matches(TypeSafeMatcher.java:65)
	at org.hamcrest.Matcher$matches.call(Unknown Source)
	at org.codehaus.groovy.runtime.callsite.CallSiteArray.defaultCall(CallSiteArray.java:48)
	at org.hamcrest.Matcher$matches.call(Unknown Source)
	at com.jayway.restassured.assertion.BodyMatcher.validate(BodyMatcher.groovy:76)
	at com.jayway.restassured.assertion.BodyMatcher$validate$0.call(Unknown Source)
	at com.jayway.restassured.assertion.BodyMatcherGroup$_validate_closure2.doCall(BodyMatcherGroup.groovy:47)
	at groovy.lang.MetaMethod.doMethodInvoke(MetaMethod.java:325)
	at org.codehaus.groovy.runtime.metaclass.ClosureMetaClass.invokeMethod(ClosureMetaClass.java:294)
	at groovy.lang.MetaClassImpl.invokeMethod(MetaClassImpl.java:1019)
	at groovy.lang.Closure.call(Closure.java:426)
	at groovy.lang.Closure.call(Closure.java:442)
	at org.codehaus.groovy.runtime.DefaultGroovyMethods.collect(DefaultGroovyMethods.java:3170)
	at org.codehaus.groovy.runtime.DefaultGroovyMethods.collect(DefaultGroovyMethods.java:3140)
	at org.codehaus.groovy.runtime.dgm$66.invoke(Unknown Source)
	at org.codehaus.groovy.runtime.callsite.PojoMetaMethodSite$PojoMetaMethodSiteNoUnwrapNoCoerce.invoke(PojoMetaMethodSite.java:274)
	at org.codehaus.groovy.runtime.callsite.PojoMetaMethodSite.call(PojoMetaMethodSite.java:56)
	at org.codehaus.groovy.runtime.callsite.AbstractCallSite.call(AbstractCallSite.java:125)
	at com.jayway.restassured.assertion.BodyMatcherGroup.validate(BodyMatcherGroup.groovy:47)
	at com.jayway.restassured.assertion.BodyMatcherGroup$validate$2.call(Unknown Source)
	at com.jayway.restassured.internal.ResponseSpecificationImpl$HamcrestAssertionClosure.validate(ResponseSpecificationImpl.groovy:585)
	at com.jayway.restassured.internal.ResponseSpecificationImpl$HamcrestAssertionClosure$validate$1.call(Unknown Source)
	at com.jayway.restassured.internal.ResponseSpecificationImpl.validateResponseIfRequired(ResponseSpecificationImpl.groovy:760)
	at org.codehaus.groovy.runtime.callsite.PogoMetaMethodSite$PogoCachedMethodSiteNoUnwrapNoCoerce.invoke(PogoMetaMethodSite.java:210)
	at org.codehaus.groovy.runtime.callsite.PogoMetaMethodSite.callCurrent(PogoMetaMethodSite.java:59)
	at org.codehaus.groovy.runtime.callsite.AbstractCallSite.callCurrent(AbstractCallSite.java:166)
	at com.jayway.restassured.internal.ResponseSpecificationImpl.content(ResponseSpecificationImpl.groovy:92)
	at com.jayway.restassured.specification.ResponseSpecification$content$2.callCurrent(Unknown Source)
	at com.jayway.restassured.internal.ResponseSpecificationImpl.body(ResponseSpecificationImpl.groovy:230)
	at com.jayway.restassured.internal.ValidatableResponseOptionsImpl.body(ValidatableResponseOptionsImpl.java:258)
	at com.emma.app.my_rest_test.AppTest.testOnlineVideoList(AppTest.java:140)
	at junit.framework.TestCase.runTest(TestCase.java:176)
	at junit.framework.TestCase.runBare(TestCase.java:141)
	at junit.framework.TestResult$1.protect(TestResult.java:122)
	at junit.framework.TestResult.runProtected(TestResult.java:142)
	at junit.framework.TestResult.run(TestResult.java:125)
	at junit.framework.TestCase.run(TestCase.java:129)
	at junit.framework.TestSuite.runTest(TestSuite.java:252)
	at junit.framework.TestSuite.run(TestSuite.java:247)
	at org.junit.internal.runners.JUnit38ClassRunner.run(JUnit38ClassRunner.java:86)
	at org.junit.runner.JUnitCore.run(JUnitCore.java:137)
	at org.junit.runner.JUnitCore.run(JUnitCore.java:115)
	at org.apache.maven.surefire.testng.TestNGExecutor.run(TestNGExecutor.java:77)
	at org.apache.maven.surefire.testng.TestNGDirectoryTestSuite.executeMulti(TestNGDirectoryTestSuite.java:175)
	at org.apache.maven.surefire.testng.TestNGDirectoryTestSuite.execute(TestNGDirectoryTestSuite.java:99)
	at org.apache.maven.surefire.testng.TestNGProvider.invoke(TestNGProvider.java:106)
	at org.apache.maven.surefire.util.ReflectionUtils.invokeMethodWithArray(ReflectionUtils.java:189)
	at org.apache.maven.surefire.booter.ProviderFactory$ProviderProxy.invoke(ProviderFactory.java:165)
	at org.apache.maven.surefire.booter.ProviderFactory.invokeProvider(ProviderFactory.java:85)
	at org.apache.maven.surefire.booter.ForkedBooter.runSuitesInProcess(ForkedBooter.java:115)
	at org.apache.maven.surefire.booter.ForkedBooter.main(ForkedBooter.java:75)
Caused by: com.github.fge.jsonschema.core.exceptions.ProcessingException: fatal: content at URI "file:/D:/workspace/my-rest-test/target/test-classes/onlinevideo.json#" is not valid JSON
    level: "fatal"
    uri: "file:/D:/workspace/my-rest-test/target/test-classes/onlinevideo.json#"
    parsingMessage: "Unexpected character ('\"' (code 34)): was expecting comma to separate OBJECT entries"

	at com.github.fge.jsonschema.core.load.URIManager.getContent(URIManager.java:110)
	at com.github.fge.jsonschema.core.load.SchemaLoader$1.load(SchemaLoader.java:115)
	at com.github.fge.jsonschema.core.load.SchemaLoader$1.load(SchemaLoader.java:109)
	at com.google.common.cache.LocalCache$LoadingValueReference.loadFuture(LocalCache.java:3524)
	at com.google.common.cache.LocalCache$Segment.loadSync(LocalCache.java:2317)
	at com.google.common.cache.LocalCache$Segment.lockedGetOrLoad(LocalCache.java:2280)
	at com.google.common.cache.LocalCache$Segment.get(LocalCache.java:2195)
	at com.google.common.cache.LocalCache.get(LocalCache.java:3934)
	at com.google.common.cache.LocalCache.getOrLoad(LocalCache.java:3938)
	at com.google.common.cache.LocalCache$LocalLoadingCache.get(LocalCache.java:4821)
	at com.github.fge.jsonschema.core.load.SchemaLoader.get(SchemaLoader.java:172)
	at com.github.fge.jsonschema.main.JsonValidator.buildJsonSchema(JsonValidator.java:210)
	at com.github.fge.jsonschema.main.JsonSchemaFactory.getJsonSchema(JsonSchemaFactory.java:224)
	at com.jayway.restassured.module.jsv.JsonSchemaValidator.matchesSafely(JsonSchemaValidator.java:221)
	... 84 more
... Removed 32 stack frames]]>
    </failure>
  </testcase> <!-- testOnlineVideoList on testOnlineVideoList(com.emma.app.my_rest_test.AppTest) -->
</testsuite> <!-- Command line test -->
